digraph tree {
	node [label="\N"];
	graph [bb="0,0,230.36,320"];
	0 [pos="54.365,301", width="0.75", height="0.52778"];
	2 [pos="30.365,19", width="0.75", height="0.52778"];
	4 [pos="184.36,19", width="0.75", height="0.52778"];
	1 [pos="54.365,207", width="0.75", height="0.52778"];
	3 [pos="104.36,113", width="0.75", height="0.52778"];
	1 -> 0 [label="  1.0", pos="e,54.365,281.98 54.365,226.32 54.365,239.42 54.365,256.99 54.365,271.79", lp="66.865,254"];
	4 -> 3 [label="  1.0", pos="e,127.24,102.78 180.27,38.002 176.97,49.897 171.36,64.998 162.36,76 155.26,84.687 145.55,91.982 136.12,97.736", lp="185.86,66"];
	3 -> 4 [label="  1.0", pos="e,197.04,35.887 129.95,106.85 156.05,100 193.88,88.267 202.36,76 208.74,66.785 206.53,55.206 201.85,44.895", lp="217.86,66"];
	3 -> 1 [label="  1.0", pos="e,79.707,200.35 116.83,130.06 123.79,141.86 129.73,157.6 122.36,170 115.03,182.34 101.99,190.82 89.268,196.52", lp="137.86,160"];
	1 -> 3 [label="  1.0", pos="e,94.958,131 64.171,188.96 67.428,182.93 71.066,176.19 74.365,170 79.575,160.23 85.242,149.49 90.234,140", lp="95.865,160"];
	3 -> 2 [label="  1.0", pos="e,53.869,28.585 102.89,93.763 101.16,81.921 97.427,66.965 89.365,56 82.511,46.678 72.535,39.154 62.731,33.388", lp="110.86,66"];
	2 -> 3 [label="  1.0", pos="e,84.917,99.313 37.789,37.285 43.07,49.034 50.895,64.243 60.365,76 65.186,81.985 71.087,87.717 76.983,92.807", lp="72.865,66"];
	2 -> 1 [label=" 10.0", pos="e,50.222,188.03 30.525,38.031 30.745,49.125 31.245,63.375 32.365,76 35.499,111.33 42.809,151.5 48.145,177.93", lp="54.365,113"];
	0 -> 1 [label="  1.0", pos="e,38.457,222.52 38.457,285.48 33.237,279.34 28.081,271.87 25.365,264 22.464,255.6 22.464,252.4 25.365,244 26.978,239.33 29.451,234.8\
 32.286,230.6", lp="37.865,254"];
	1 -> 2 [label=" 10.0", pos="e,20.255,36.805 39.194,190.97 26.846,176.73 10.359,154.72 3.3649,132 -5.5651,102.99 5.3363,69.032 15.838,45.974", lp="17.365,113"];
	1 -> 0 [color=blue, pos="e,68.925,284.87 68.925,223.13 73.513,229.23 77.998,236.51 80.365,244 83.045,252.48 83.045,255.52 80.365,264 79.033,268.21 77.032\
,272.36 74.719,276.26"];
	1 -> 3 [color=blue, pos="e,85.139,126.51 52.879,187.98 55.804,176.64 61.629,162.13 68.365,150 71.284,144.74 74.833,139.37 78.617,134.4"];
	3 -> 2 [color=blue, pos="e,31.429,38.244 80.685,103.71 68.12,97.622 53.444,88.464 44.365,76 38.505,67.955 35.079,57.752 33.082,48.208"];
	3 -> 4 [color=blue, pos="e,170.32,35.501 118.3,96.626 130.84,81.89 149.44,60.039 163.71,43.271"];
	1 -> 3 [color=red, pos="e,98.022,131.6 67.433,190.29 73.001,178.66 79.163,162.97 86.365,150 88.211,146.68 90.309,143.3 92.442,140.02"];
}
